<?xml version="1.0" encoding="UTF-8"?>
<testng-results ignored="0" total="1" passed="1" failed="0" skipped="0">
  <reporter-output>
  </reporter-output>
  <suite started-at="2021-08-05T09:55:49 IST" name="Default suite" finished-at="2021-08-05T09:55:49 IST" duration-ms="50">
    <groups>
    </groups>
    <test started-at="2021-08-05T09:55:49 IST" name="Default test" finished-at="2021-08-05T09:55:49 IST" duration-ms="50">
      <class name="First">
        <test-method signature="one()[pri:0, instance:First@45ca843]" started-at="2021-08-05T09:55:49 IST" name="one" finished-at="2021-08-05T09:55:49 IST" duration-ms="8" status="PASS">
          <reporter-output>
          </reporter-output>
        </test-method> <!-- one -->
      </class> <!-- First -->
    </test> <!-- Default test -->
  </suite> <!-- Default suite -->
</testng-results>
