<?xml version="1.0" encoding="UTF-8"?>
<testng-results ignored="0" total="2" passed="2" failed="0" skipped="0">
  <reporter-output>
  </reporter-output>
  <suite started-at="2021-08-05T10:38:46 IST" name="Default suite" finished-at="2021-08-05T10:38:47 IST" duration-ms="43">
    <groups>
    </groups>
    <test started-at="2021-08-05T10:38:46 IST" name="Default test" finished-at="2021-08-05T10:38:47 IST" duration-ms="43">
      <class name="First">
        <test-method signature="one()[pri:0, instance:First@11c9af63]" started-at="2021-08-05T10:38:47 IST" name="one" finished-at="2021-08-05T10:38:47 IST" duration-ms="8" status="PASS">
          <reporter-output>
          </reporter-output>
        </test-method> <!-- one -->
        <test-method signature="second()[pri:0, instance:First@11c9af63]" started-at="2021-08-05T10:38:47 IST" name="second" finished-at="2021-08-05T10:38:47 IST" duration-ms="2" status="PASS">
          <reporter-output>
          </reporter-output>
        </test-method> <!-- second -->
      </class> <!-- First -->
    </test> <!-- Default test -->
  </suite> <!-- Default suite -->
</testng-results>
